2026-04-26 12:45:28,206 - INFO - --- INICIANDO FASE DE INGESTA ---
2026-04-26 12:45:28,212 - INFO - ÉXITO: Se ingestaron 10 productos a la tabla ventas_raw.
2026-04-26 12:45:59,791 - INFO - --- INICIANDO FASE DE INGESTA ---
2026-04-26 12:45:59,796 - INFO - EXITO: Se ingestaron 10 productos a la tabla ventas_raw.
2026-04-26 12:47:30,186 - INFO - --- INICIANDO FASE DE INGESTA ---
2026-04-26 12:47:30,198 - INFO - EXITO: Se ingestaron 50 productos a la tabla ventas_raw.
2026-04-26 12:48:23,078 - INFO - --- INICIANDO FASE DE INGESTA ---
2026-04-26 12:48:23,094 - INFO - EXITO: Se ingestaron 100 productos a la tabla ventas_raw.
2026-04-26 12:49:43,383 - INFO - --- INICIANDO FASE DE LIMPIEZA ---
2026-04-26 12:49:43,392 - INFO - ÉXITO: Limpieza completada. 100 registros únicos procesados.
2026-04-26 12:57:50,763 - INFO - --- INICIANDO FASE DE LIMPIEZA Y TRANSFORMACIÓN ---
2026-04-26 12:57:50,765 - ERROR - ERROR CRÍTICO en Limpieza: table ventas_procesadas has 6 columns but 7 values were supplied
2026-04-26 12:59:34,796 - INFO - --- INICIANDO FASE DE LIMPIEZA Y TRANSFORMACIÓN ---
2026-04-26 12:59:34,809 - INFO - ÉXITO: Registros procesados en la Base de Datos.
2026-04-26 12:59:34,809 - INFO - ÉXITO: Dataset limpio guardado correctamente en data/processed/dataset_limpio.csv
2026-04-26 13:05:27,879 - INFO - --- INICIANDO PROCESAMIENTO DENTRO DE SQLITE (RAW -> PROCESSED) ---
2026-04-26 13:05:27,894 - INFO - ÉXITO: Las dos tablas (ventas_raw y ventas_procesadas) ahora coexisten en ventas.db
2026-04-26 13:05:27,894 - INFO - ÉXITO: Archivo CSV de respaldo generado en data/processed/dataset_limpio.csv
2026-04-26 13:09:56,826 - INFO -  INICIANDO PROCESAMIENTO Y LIMPIEZA DE DATOS 
2026-04-26 13:09:56,838 - INFO - ÉXITO: Datos procesados y tabla ventas_procesadas creada con éxito.
2026-04-26 13:09:56,839 - INFO - ÉXITO: Archivo CSV de respaldo generado en data/procesado/dataset_limpio.csv
2026-04-27 13:48:03,014 - INFO - --- INICIANDO FASE DE INGESTA (POSTGRESQL) ---
2026-04-27 13:48:03,098 - INFO - ÉXITO: Se ingestaron 100 productos a la tabla ventas_raw en PostgreSQL.
2026-04-27 14:02:04,201 - INFO - --- ETAPA 2: PROCESAMIENTO PYTHON -> CSV -> POSTGRES ---
2026-04-27 14:02:04,202 - INFO - ÉXITO: Archivo CSV limpio generado en data/procesado/dataset_limpio.csv
2026-04-27 14:02:04,306 - INFO - ÉXITO: Base de Datos PostgreSQL actualizada con datos procesados.
2026-04-27 14:20:37,177 - INFO - --- INGESTA: GENERANDO RESPALDO FÍSICO EN CAPA RAW ---
2026-04-27 14:20:37,179 - INFO - ÉXITO: Se creó el archivo data/raw/ventas_raw.csv con 100 registros.
2026-04-27 14:20:37,179 - INFO - NOTA: No se crearon tablas en PostgreSQL en esta fase.
2026-04-27 14:20:50,646 - INFO - --- INGESTA: GENERANDO RESPALDO FÍSICO EN CAPA RAW ---
2026-04-27 14:20:50,648 - INFO - ÉXITO: Se creó el archivo data/raw/ventas_raw.csv con 100 registros.
